   0  $accept : master $end

   1  master : file

   2  file :
   3       | file error ';'
   4       | file public tipo ID ';'
   5       | file public CONST tipo ID ';'
   6       | file public tipo ID init
   7       | file public CONST tipo ID init

   8  $$1 :

   9  file : file public tipo ID $$1 finit

  10  $$2 :

  11  file : file public VOID ID $$2 finit

  12  public :
  13         | PUBLIC

  14  ptr :
  15      | '*'

  16  tipo : INTEGER ptr
  17       | STRING ptr
  18       | NUMBER ptr

  19  init : ATR ID ';'
  20       | ATR INT ';'
  21       | ATR '-' INT ';'
  22       | ATR STR ';'
  23       | ATR CONST STR ';'
  24       | ATR REAL ';'
  25       | ATR '-' REAL ';'

  26  finit : '(' params ')' blocop
  27        | '(' ')' blocop

  28  blocop : ';'
  29         | bloco ';'

  30  params : param
  31         | params ',' param

  32  $$3 :

  33  bloco : '{' $$3 decls list end '}'

  34  decls :
  35        | decls param ';'

  36  param : tipo ID

  37  stmt : base
  38       | brk

  39  base : ';'

  40  $$4 :

  41  base : DO $$4 stmt WHILE expr ';'

  42  $$5 :

  43  base : FOR lv IN expr UPTO expr step DO $$5 stmt

  44  $$6 :

  45  base : FOR lv IN expr DOWNTO expr step DO $$6 stmt
  46       | IF expr THEN stmt
  47       | IF expr THEN stmt ELSE stmt
  48       | expr ';'
  49       | bloco
  50       | lv '#' expr ';'
  51       | error ';'

  52  end :
  53      | brk

  54  brk : BREAK intp ';'
  55      | CONTINUE intp ';'

  56  step :
  57       | STEP expr

  58  intp :
  59       | INT

  60  list : base
  61       | list base

  62  args : expr
  63       | args ',' expr

  64  lv : ID
  65     | ID '[' expr ']'

  66  expr : lv
  67       | '*' lv
  68       | lv ATR expr
  69       | INT
  70       | STR
  71       | REAL
  72       | '-' expr
  73       | '~' expr
  74       | '&' lv
  75       | expr '!'
  76       | INCR lv
  77       | DECR lv
  78       | lv INCR
  79       | lv DECR
  80       | expr '+' expr
  81       | expr '-' expr
  82       | expr '*' expr
  83       | expr '/' expr
  84       | expr '%' expr
  85       | expr '<' expr
  86       | expr '>' expr
  87       | expr GE expr
  88       | expr LE expr
  89       | expr NE expr
  90       | expr '=' expr
  91       | expr '&' expr
  92       | expr '|' expr
  93       | '(' expr ')'
  94       | ID '(' args ')'
  95       | ID '(' ')'

state 0
	$accept : . master $end  (0)
	file : .  (2)

	.  reduce 2

	master  goto 1
	file  goto 2


state 1
	$accept : master . $end  (0)

	$end  accept


state 2
	master : file .  (1)
	file : file . error ';'  (3)
	file : file . public tipo ID ';'  (4)
	file : file . public CONST tipo ID ';'  (5)
	file : file . public tipo ID init  (6)
	file : file . public CONST tipo ID init  (7)
	file : file . public tipo ID $$1 finit  (9)
	file : file . public VOID ID $$2 finit  (11)
	public : .  (12)

	error  shift 3
	PUBLIC  shift 4
	$end  reduce 1
	VOID  reduce 12
	INTEGER  reduce 12
	STRING  reduce 12
	NUMBER  reduce 12
	CONST  reduce 12

	public  goto 5


state 3
	file : file error . ';'  (3)

	';'  shift 6
	.  error


state 4
	public : PUBLIC .  (13)

	.  reduce 13


state 5
	file : file public . tipo ID ';'  (4)
	file : file public . CONST tipo ID ';'  (5)
	file : file public . tipo ID init  (6)
	file : file public . CONST tipo ID init  (7)
	file : file public . tipo ID $$1 finit  (9)
	file : file public . VOID ID $$2 finit  (11)

	VOID  shift 7
	INTEGER  shift 8
	STRING  shift 9
	NUMBER  shift 10
	CONST  shift 11
	.  error

	tipo  goto 12


state 6
	file : file error ';' .  (3)

	.  reduce 3


state 7
	file : file public VOID . ID $$2 finit  (11)

	ID  shift 13
	.  error


state 8
	tipo : INTEGER . ptr  (16)
	ptr : .  (14)

	'*'  shift 14
	ID  reduce 14

	ptr  goto 15


state 9
	tipo : STRING . ptr  (17)
	ptr : .  (14)

	'*'  shift 14
	ID  reduce 14

	ptr  goto 16


state 10
	tipo : NUMBER . ptr  (18)
	ptr : .  (14)

	'*'  shift 14
	ID  reduce 14

	ptr  goto 17


state 11
	file : file public CONST . tipo ID ';'  (5)
	file : file public CONST . tipo ID init  (7)

	INTEGER  shift 8
	STRING  shift 9
	NUMBER  shift 10
	.  error

	tipo  goto 18


state 12
	file : file public tipo . ID ';'  (4)
	file : file public tipo . ID init  (6)
	file : file public tipo . ID $$1 finit  (9)

	ID  shift 19
	.  error


state 13
	file : file public VOID ID . $$2 finit  (11)
	$$2 : .  (10)

	.  reduce 10

	$$2  goto 20


state 14
	ptr : '*' .  (15)

	.  reduce 15


state 15
	tipo : INTEGER ptr .  (16)

	.  reduce 16


state 16
	tipo : STRING ptr .  (17)

	.  reduce 17


state 17
	tipo : NUMBER ptr .  (18)

	.  reduce 18


state 18
	file : file public CONST tipo . ID ';'  (5)
	file : file public CONST tipo . ID init  (7)

	ID  shift 21
	.  error


state 19
	file : file public tipo ID . ';'  (4)
	file : file public tipo ID . init  (6)
	file : file public tipo ID . $$1 finit  (9)
	$$1 : .  (8)

	ATR  shift 22
	';'  shift 23
	'('  reduce 8

	init  goto 24
	$$1  goto 25


state 20
	file : file public VOID ID $$2 . finit  (11)

	'('  shift 26
	.  error

	finit  goto 27


state 21
	file : file public CONST tipo ID . ';'  (5)
	file : file public CONST tipo ID . init  (7)

	ATR  shift 22
	';'  shift 28
	.  error

	init  goto 29


state 22
	init : ATR . ID ';'  (19)
	init : ATR . INT ';'  (20)
	init : ATR . '-' INT ';'  (21)
	init : ATR . STR ';'  (22)
	init : ATR . CONST STR ';'  (23)
	init : ATR . REAL ';'  (24)
	init : ATR . '-' REAL ';'  (25)

	INT  shift 30
	REAL  shift 31
	ID  shift 32
	STR  shift 33
	CONST  shift 34
	'-'  shift 35
	.  error


state 23
	file : file public tipo ID ';' .  (4)

	.  reduce 4


state 24
	file : file public tipo ID init .  (6)

	.  reduce 6


state 25
	file : file public tipo ID $$1 . finit  (9)

	'('  shift 26
	.  error

	finit  goto 36


state 26
	finit : '(' . params ')' blocop  (26)
	finit : '(' . ')' blocop  (27)

	INTEGER  shift 8
	STRING  shift 9
	NUMBER  shift 10
	')'  shift 37
	.  error

	tipo  goto 38
	params  goto 39
	param  goto 40


state 27
	file : file public VOID ID $$2 finit .  (11)

	.  reduce 11


state 28
	file : file public CONST tipo ID ';' .  (5)

	.  reduce 5


state 29
	file : file public CONST tipo ID init .  (7)

	.  reduce 7


state 30
	init : ATR INT . ';'  (20)

	';'  shift 41
	.  error


state 31
	init : ATR REAL . ';'  (24)

	';'  shift 42
	.  error


state 32
	init : ATR ID . ';'  (19)

	';'  shift 43
	.  error


state 33
	init : ATR STR . ';'  (22)

	';'  shift 44
	.  error


state 34
	init : ATR CONST . STR ';'  (23)

	STR  shift 45
	.  error


state 35
	init : ATR '-' . INT ';'  (21)
	init : ATR '-' . REAL ';'  (25)

	INT  shift 46
	REAL  shift 47
	.  error


state 36
	file : file public tipo ID $$1 finit .  (9)

	.  reduce 9


state 37
	finit : '(' ')' . blocop  (27)

	';'  shift 48
	'{'  shift 49
	.  error

	blocop  goto 50
	bloco  goto 51


state 38
	param : tipo . ID  (36)

	ID  shift 52
	.  error


state 39
	finit : '(' params . ')' blocop  (26)
	params : params . ',' param  (31)

	')'  shift 53
	','  shift 54
	.  error


state 40
	params : param .  (30)

	.  reduce 30


state 41
	init : ATR INT ';' .  (20)

	.  reduce 20


state 42
	init : ATR REAL ';' .  (24)

	.  reduce 24


state 43
	init : ATR ID ';' .  (19)

	.  reduce 19


state 44
	init : ATR STR ';' .  (22)

	.  reduce 22


state 45
	init : ATR CONST STR . ';'  (23)

	';'  shift 55
	.  error


state 46
	init : ATR '-' INT . ';'  (21)

	';'  shift 56
	.  error


state 47
	init : ATR '-' REAL . ';'  (25)

	';'  shift 57
	.  error


state 48
	blocop : ';' .  (28)

	.  reduce 28


state 49
	bloco : '{' . $$3 decls list end '}'  (33)
	$$3 : .  (32)

	.  reduce 32

	$$3  goto 58


state 50
	finit : '(' ')' blocop .  (27)

	.  reduce 27


state 51
	blocop : bloco . ';'  (29)

	';'  shift 59
	.  error


state 52
	param : tipo ID .  (36)

	.  reduce 36


state 53
	finit : '(' params ')' . blocop  (26)

	';'  shift 48
	'{'  shift 49
	.  error

	blocop  goto 60
	bloco  goto 51


state 54
	params : params ',' . param  (31)

	INTEGER  shift 8
	STRING  shift 9
	NUMBER  shift 10
	.  error

	tipo  goto 38
	param  goto 61


state 55
	init : ATR CONST STR ';' .  (23)

	.  reduce 23


state 56
	init : ATR '-' INT ';' .  (21)

	.  reduce 21


state 57
	init : ATR '-' REAL ';' .  (25)

	.  reduce 25


state 58
	bloco : '{' $$3 . decls list end '}'  (33)
	decls : .  (34)

	.  reduce 34

	decls  goto 62


state 59
	blocop : bloco ';' .  (29)

	.  reduce 29


state 60
	finit : '(' params ')' blocop .  (26)

	.  reduce 26


state 61
	params : params ',' param .  (31)

	.  reduce 31


state 62
	bloco : '{' $$3 decls . list end '}'  (33)
	decls : decls . param ';'  (35)

	error  shift 63
	INT  shift 64
	REAL  shift 65
	ID  shift 66
	STR  shift 67
	DO  shift 68
	IF  shift 69
	FOR  shift 70
	INTEGER  shift 8
	STRING  shift 9
	NUMBER  shift 10
	INCR  shift 71
	DECR  shift 72
	'&'  shift 73
	'~'  shift 74
	'-'  shift 75
	'*'  shift 76
	'('  shift 77
	';'  shift 78
	'{'  shift 49
	.  error

	tipo  goto 38
	bloco  goto 79
	param  goto 80
	base  goto 81
	list  goto 82
	lv  goto 83
	expr  goto 84


state 63
	base : error . ';'  (51)

	';'  shift 85
	.  error


state 64
	expr : INT .  (69)

	.  reduce 69


state 65
	expr : REAL .  (71)

	.  reduce 71


state 66
	lv : ID .  (64)
	lv : ID . '[' expr ']'  (65)
	expr : ID . '(' args ')'  (94)
	expr : ID . '(' ')'  (95)

	'['  shift 86
	'('  shift 87
	DO  reduce 64
	THEN  reduce 64
	UPTO  reduce 64
	DOWNTO  reduce 64
	STEP  reduce 64
	INCR  reduce 64
	DECR  reduce 64
	ATR  reduce 64
	'|'  reduce 64
	'&'  reduce 64
	'='  reduce 64
	NE  reduce 64
	GE  reduce 64
	LE  reduce 64
	'>'  reduce 64
	'<'  reduce 64
	'+'  reduce 64
	'-'  reduce 64
	'*'  reduce 64
	'/'  reduce 64
	'%'  reduce 64
	'!'  reduce 64
	';'  reduce 64
	')'  reduce 64
	','  reduce 64
	'#'  reduce 64
	']'  reduce 64


state 67
	expr : STR .  (70)

	.  reduce 70


state 68
	base : DO . $$4 stmt WHILE expr ';'  (41)
	$$4 : .  (40)

	.  reduce 40

	$$4  goto 88


state 69
	base : IF . expr THEN stmt  (46)
	base : IF . expr THEN stmt ELSE stmt  (47)

	INT  shift 64
	REAL  shift 65
	ID  shift 66
	STR  shift 67
	INCR  shift 71
	DECR  shift 72
	'&'  shift 73
	'~'  shift 74
	'-'  shift 75
	'*'  shift 76
	'('  shift 77
	.  error

	lv  goto 89
	expr  goto 90


state 70
	base : FOR . lv IN expr UPTO expr step DO $$5 stmt  (43)
	base : FOR . lv IN expr DOWNTO expr step DO $$6 stmt  (45)

	ID  shift 91
	.  error

	lv  goto 92


state 71
	expr : INCR . lv  (76)

	ID  shift 91
	.  error

	lv  goto 93


state 72
	expr : DECR . lv  (77)

	ID  shift 91
	.  error

	lv  goto 94


state 73
	expr : '&' . lv  (74)

	ID  shift 91
	.  error

	lv  goto 95


state 74
	expr : '~' . expr  (73)

	INT  shift 64
	REAL  shift 65
	ID  shift 66
	STR  shift 67
	INCR  shift 71
	DECR  shift 72
	'&'  shift 73
	'~'  shift 74
	'-'  shift 75
	'*'  shift 76
	'('  shift 77
	.  error

	lv  goto 89
	expr  goto 96


state 75
	expr : '-' . expr  (72)

	INT  shift 64
	REAL  shift 65
	ID  shift 66
	STR  shift 67
	INCR  shift 71
	DECR  shift 72
	'&'  shift 73
	'~'  shift 74
	'-'  shift 75
	'*'  shift 76
	'('  shift 77
	.  error

	lv  goto 89
	expr  goto 97


state 76
	expr : '*' . lv  (67)

	ID  shift 91
	.  error

	lv  goto 98


state 77
	expr : '(' . expr ')'  (93)

	INT  shift 64
	REAL  shift 65
	ID  shift 66
	STR  shift 67
	INCR  shift 71
	DECR  shift 72
	'&'  shift 73
	'~'  shift 74
	'-'  shift 75
	'*'  shift 76
	'('  shift 77
	.  error

	lv  goto 89
	expr  goto 99


state 78
	base : ';' .  (39)

	.  reduce 39


state 79
	base : bloco .  (49)

	.  reduce 49


state 80
	decls : decls param . ';'  (35)

	';'  shift 100
	.  error


state 81
	list : base .  (60)

	.  reduce 60


state 82
	bloco : '{' $$3 decls list . end '}'  (33)
	list : list . base  (61)
	end : .  (52)

	error  shift 63
	INT  shift 64
	REAL  shift 65
	ID  shift 66
	STR  shift 67
	DO  shift 68
	IF  shift 69
	FOR  shift 70
	BREAK  shift 101
	CONTINUE  shift 102
	INCR  shift 71
	DECR  shift 72
	'&'  shift 73
	'~'  shift 74
	'-'  shift 75
	'*'  shift 76
	'('  shift 77
	';'  shift 78
	'{'  shift 49
	'}'  reduce 52

	bloco  goto 79
	base  goto 103
	end  goto 104
	brk  goto 105
	lv  goto 83
	expr  goto 84


state 83
	base : lv . '#' expr ';'  (50)
	expr : lv .  (66)
	expr : lv . ATR expr  (68)
	expr : lv . INCR  (78)
	expr : lv . DECR  (79)

	INCR  shift 106
	DECR  shift 107
	ATR  shift 108
	'#'  shift 109
	'|'  reduce 66
	'&'  reduce 66
	'='  reduce 66
	NE  reduce 66
	GE  reduce 66
	LE  reduce 66
	'>'  reduce 66
	'<'  reduce 66
	'+'  reduce 66
	'-'  reduce 66
	'*'  reduce 66
	'/'  reduce 66
	'%'  reduce 66
	'!'  reduce 66
	';'  reduce 66


state 84
	base : expr . ';'  (48)
	expr : expr . '!'  (75)
	expr : expr . '+' expr  (80)
	expr : expr . '-' expr  (81)
	expr : expr . '*' expr  (82)
	expr : expr . '/' expr  (83)
	expr : expr . '%' expr  (84)
	expr : expr . '<' expr  (85)
	expr : expr . '>' expr  (86)
	expr : expr . GE expr  (87)
	expr : expr . LE expr  (88)
	expr : expr . NE expr  (89)
	expr : expr . '=' expr  (90)
	expr : expr . '&' expr  (91)
	expr : expr . '|' expr  (92)

	'|'  shift 110
	'&'  shift 111
	'='  shift 112
	NE  shift 113
	GE  shift 114
	LE  shift 115
	'>'  shift 116
	'<'  shift 117
	'+'  shift 118
	'-'  shift 119
	'*'  shift 120
	'/'  shift 121
	'%'  shift 122
	'!'  shift 123
	';'  shift 124
	.  error


state 85
	base : error ';' .  (51)

	.  reduce 51


state 86
	lv : ID '[' . expr ']'  (65)

	INT  shift 64
	REAL  shift 65
	ID  shift 66
	STR  shift 67
	INCR  shift 71
	DECR  shift 72
	'&'  shift 73
	'~'  shift 74
	'-'  shift 75
	'*'  shift 76
	'('  shift 77
	.  error

	lv  goto 89
	expr  goto 125


state 87
	expr : ID '(' . args ')'  (94)
	expr : ID '(' . ')'  (95)

	INT  shift 64
	REAL  shift 65
	ID  shift 66
	STR  shift 67
	INCR  shift 71
	DECR  shift 72
	'&'  shift 73
	'~'  shift 74
	'-'  shift 75
	'*'  shift 76
	'('  shift 77
	')'  shift 126
	.  error

	args  goto 127
	lv  goto 89
	expr  goto 128


state 88
	base : DO $$4 . stmt WHILE expr ';'  (41)

	error  shift 63
	INT  shift 64
	REAL  shift 65
	ID  shift 66
	STR  shift 67
	DO  shift 68
	IF  shift 69
	FOR  shift 70
	BREAK  shift 101
	CONTINUE  shift 102
	INCR  shift 71
	DECR  shift 72
	'&'  shift 73
	'~'  shift 74
	'-'  shift 75
	'*'  shift 76
	'('  shift 77
	';'  shift 78
	'{'  shift 49
	.  error

	bloco  goto 79
	base  goto 129
	stmt  goto 130
	brk  goto 131
	lv  goto 83
	expr  goto 84


state 89
	expr : lv .  (66)
	expr : lv . ATR expr  (68)
	expr : lv . INCR  (78)
	expr : lv . DECR  (79)

	INCR  shift 106
	DECR  shift 107
	ATR  shift 108
	DO  reduce 66
	THEN  reduce 66
	UPTO  reduce 66
	DOWNTO  reduce 66
	STEP  reduce 66
	'|'  reduce 66
	'&'  reduce 66
	'='  reduce 66
	NE  reduce 66
	GE  reduce 66
	LE  reduce 66
	'>'  reduce 66
	'<'  reduce 66
	'+'  reduce 66
	'-'  reduce 66
	'*'  reduce 66
	'/'  reduce 66
	'%'  reduce 66
	'!'  reduce 66
	';'  reduce 66
	')'  reduce 66
	','  reduce 66
	']'  reduce 66


state 90
	base : IF expr . THEN stmt  (46)
	base : IF expr . THEN stmt ELSE stmt  (47)
	expr : expr . '!'  (75)
	expr : expr . '+' expr  (80)
	expr : expr . '-' expr  (81)
	expr : expr . '*' expr  (82)
	expr : expr . '/' expr  (83)
	expr : expr . '%' expr  (84)
	expr : expr . '<' expr  (85)
	expr : expr . '>' expr  (86)
	expr : expr . GE expr  (87)
	expr : expr . LE expr  (88)
	expr : expr . NE expr  (89)
	expr : expr . '=' expr  (90)
	expr : expr . '&' expr  (91)
	expr : expr . '|' expr  (92)

	THEN  shift 132
	'|'  shift 110
	'&'  shift 111
	'='  shift 112
	NE  shift 113
	GE  shift 114
	LE  shift 115
	'>'  shift 116
	'<'  shift 117
	'+'  shift 118
	'-'  shift 119
	'*'  shift 120
	'/'  shift 121
	'%'  shift 122
	'!'  shift 123
	.  error


state 91
	lv : ID .  (64)
	lv : ID . '[' expr ']'  (65)

	'['  shift 86
	DO  reduce 64
	THEN  reduce 64
	IN  reduce 64
	UPTO  reduce 64
	DOWNTO  reduce 64
	STEP  reduce 64
	'|'  reduce 64
	'&'  reduce 64
	'='  reduce 64
	NE  reduce 64
	GE  reduce 64
	LE  reduce 64
	'>'  reduce 64
	'<'  reduce 64
	'+'  reduce 64
	'-'  reduce 64
	'*'  reduce 64
	'/'  reduce 64
	'%'  reduce 64
	'!'  reduce 64
	';'  reduce 64
	')'  reduce 64
	','  reduce 64
	']'  reduce 64


state 92
	base : FOR lv . IN expr UPTO expr step DO $$5 stmt  (43)
	base : FOR lv . IN expr DOWNTO expr step DO $$6 stmt  (45)

	IN  shift 133
	.  error


state 93
	expr : INCR lv .  (76)

	.  reduce 76


state 94
	expr : DECR lv .  (77)

	.  reduce 77


state 95
	expr : '&' lv .  (74)

	.  reduce 74


state 96
	expr : '~' expr .  (73)
	expr : expr . '!'  (75)
	expr : expr . '+' expr  (80)
	expr : expr . '-' expr  (81)
	expr : expr . '*' expr  (82)
	expr : expr . '/' expr  (83)
	expr : expr . '%' expr  (84)
	expr : expr . '<' expr  (85)
	expr : expr . '>' expr  (86)
	expr : expr . GE expr  (87)
	expr : expr . LE expr  (88)
	expr : expr . NE expr  (89)
	expr : expr . '=' expr  (90)
	expr : expr . '&' expr  (91)
	expr : expr . '|' expr  (92)

	.  reduce 73


state 97
	expr : '-' expr .  (72)
	expr : expr . '!'  (75)
	expr : expr . '+' expr  (80)
	expr : expr . '-' expr  (81)
	expr : expr . '*' expr  (82)
	expr : expr . '/' expr  (83)
	expr : expr . '%' expr  (84)
	expr : expr . '<' expr  (85)
	expr : expr . '>' expr  (86)
	expr : expr . GE expr  (87)
	expr : expr . LE expr  (88)
	expr : expr . NE expr  (89)
	expr : expr . '=' expr  (90)
	expr : expr . '&' expr  (91)
	expr : expr . '|' expr  (92)

	.  reduce 72


state 98
	expr : '*' lv .  (67)

	.  reduce 67


state 99
	expr : expr . '!'  (75)
	expr : expr . '+' expr  (80)
	expr : expr . '-' expr  (81)
	expr : expr . '*' expr  (82)
	expr : expr . '/' expr  (83)
	expr : expr . '%' expr  (84)
	expr : expr . '<' expr  (85)
	expr : expr . '>' expr  (86)
	expr : expr . GE expr  (87)
	expr : expr . LE expr  (88)
	expr : expr . NE expr  (89)
	expr : expr . '=' expr  (90)
	expr : expr . '&' expr  (91)
	expr : expr . '|' expr  (92)
	expr : '(' expr . ')'  (93)

	'|'  shift 110
	'&'  shift 111
	'='  shift 112
	NE  shift 113
	GE  shift 114
	LE  shift 115
	'>'  shift 116
	'<'  shift 117
	'+'  shift 118
	'-'  shift 119
	'*'  shift 120
	'/'  shift 121
	'%'  shift 122
	'!'  shift 123
	')'  shift 134
	.  error


state 100
	decls : decls param ';' .  (35)

	.  reduce 35


state 101
	brk : BREAK . intp ';'  (54)
	intp : .  (58)

	INT  shift 135
	';'  reduce 58

	intp  goto 136


state 102
	brk : CONTINUE . intp ';'  (55)
	intp : .  (58)

	INT  shift 135
	';'  reduce 58

	intp  goto 137


state 103
	list : list base .  (61)

	.  reduce 61


state 104
	bloco : '{' $$3 decls list end . '}'  (33)

	'}'  shift 138
	.  error


state 105
	end : brk .  (53)

	.  reduce 53


state 106
	expr : lv INCR .  (78)

	.  reduce 78


state 107
	expr : lv DECR .  (79)

	.  reduce 79


state 108
	expr : lv ATR . expr  (68)

	INT  shift 64
	REAL  shift 65
	ID  shift 66
	STR  shift 67
	INCR  shift 71
	DECR  shift 72
	'&'  shift 73
	'~'  shift 74
	'-'  shift 75
	'*'  shift 76
	'('  shift 77
	.  error

	lv  goto 89
	expr  goto 139


state 109
	base : lv '#' . expr ';'  (50)

	INT  shift 64
	REAL  shift 65
	ID  shift 66
	STR  shift 67
	INCR  shift 71
	DECR  shift 72
	'&'  shift 73
	'~'  shift 74
	'-'  shift 75
	'*'  shift 76
	'('  shift 77
	.  error

	lv  goto 89
	expr  goto 140


state 110
	expr : expr '|' . expr  (92)

	INT  shift 64
	REAL  shift 65
	ID  shift 66
	STR  shift 67
	INCR  shift 71
	DECR  shift 72
	'&'  shift 73
	'~'  shift 74
	'-'  shift 75
	'*'  shift 76
	'('  shift 77
	.  error

	lv  goto 89
	expr  goto 141


state 111
	expr : expr '&' . expr  (91)

	INT  shift 64
	REAL  shift 65
	ID  shift 66
	STR  shift 67
	INCR  shift 71
	DECR  shift 72
	'&'  shift 73
	'~'  shift 74
	'-'  shift 75
	'*'  shift 76
	'('  shift 77
	.  error

	lv  goto 89
	expr  goto 142


state 112
	expr : expr '=' . expr  (90)

	INT  shift 64
	REAL  shift 65
	ID  shift 66
	STR  shift 67
	INCR  shift 71
	DECR  shift 72
	'&'  shift 73
	'~'  shift 74
	'-'  shift 75
	'*'  shift 76
	'('  shift 77
	.  error

	lv  goto 89
	expr  goto 143


state 113
	expr : expr NE . expr  (89)

	INT  shift 64
	REAL  shift 65
	ID  shift 66
	STR  shift 67
	INCR  shift 71
	DECR  shift 72
	'&'  shift 73
	'~'  shift 74
	'-'  shift 75
	'*'  shift 76
	'('  shift 77
	.  error

	lv  goto 89
	expr  goto 144


state 114
	expr : expr GE . expr  (87)

	INT  shift 64
	REAL  shift 65
	ID  shift 66
	STR  shift 67
	INCR  shift 71
	DECR  shift 72
	'&'  shift 73
	'~'  shift 74
	'-'  shift 75
	'*'  shift 76
	'('  shift 77
	.  error

	lv  goto 89
	expr  goto 145


state 115
	expr : expr LE . expr  (88)

	INT  shift 64
	REAL  shift 65
	ID  shift 66
	STR  shift 67
	INCR  shift 71
	DECR  shift 72
	'&'  shift 73
	'~'  shift 74
	'-'  shift 75
	'*'  shift 76
	'('  shift 77
	.  error

	lv  goto 89
	expr  goto 146


state 116
	expr : expr '>' . expr  (86)

	INT  shift 64
	REAL  shift 65
	ID  shift 66
	STR  shift 67
	INCR  shift 71
	DECR  shift 72
	'&'  shift 73
	'~'  shift 74
	'-'  shift 75
	'*'  shift 76
	'('  shift 77
	.  error

	lv  goto 89
	expr  goto 147


state 117
	expr : expr '<' . expr  (85)

	INT  shift 64
	REAL  shift 65
	ID  shift 66
	STR  shift 67
	INCR  shift 71
	DECR  shift 72
	'&'  shift 73
	'~'  shift 74
	'-'  shift 75
	'*'  shift 76
	'('  shift 77
	.  error

	lv  goto 89
	expr  goto 148


state 118
	expr : expr '+' . expr  (80)

	INT  shift 64
	REAL  shift 65
	ID  shift 66
	STR  shift 67
	INCR  shift 71
	DECR  shift 72
	'&'  shift 73
	'~'  shift 74
	'-'  shift 75
	'*'  shift 76
	'('  shift 77
	.  error

	lv  goto 89
	expr  goto 149


state 119
	expr : expr '-' . expr  (81)

	INT  shift 64
	REAL  shift 65
	ID  shift 66
	STR  shift 67
	INCR  shift 71
	DECR  shift 72
	'&'  shift 73
	'~'  shift 74
	'-'  shift 75
	'*'  shift 76
	'('  shift 77
	.  error

	lv  goto 89
	expr  goto 150


state 120
	expr : expr '*' . expr  (82)

	INT  shift 64
	REAL  shift 65
	ID  shift 66
	STR  shift 67
	INCR  shift 71
	DECR  shift 72
	'&'  shift 73
	'~'  shift 74
	'-'  shift 75
	'*'  shift 76
	'('  shift 77
	.  error

	lv  goto 89
	expr  goto 151


state 121
	expr : expr '/' . expr  (83)

	INT  shift 64
	REAL  shift 65
	ID  shift 66
	STR  shift 67
	INCR  shift 71
	DECR  shift 72
	'&'  shift 73
	'~'  shift 74
	'-'  shift 75
	'*'  shift 76
	'('  shift 77
	.  error

	lv  goto 89
	expr  goto 152


state 122
	expr : expr '%' . expr  (84)

	INT  shift 64
	REAL  shift 65
	ID  shift 66
	STR  shift 67
	INCR  shift 71
	DECR  shift 72
	'&'  shift 73
	'~'  shift 74
	'-'  shift 75
	'*'  shift 76
	'('  shift 77
	.  error

	lv  goto 89
	expr  goto 153


state 123
	expr : expr '!' .  (75)

	.  reduce 75


state 124
	base : expr ';' .  (48)

	.  reduce 48


state 125
	lv : ID '[' expr . ']'  (65)
	expr : expr . '!'  (75)
	expr : expr . '+' expr  (80)
	expr : expr . '-' expr  (81)
	expr : expr . '*' expr  (82)
	expr : expr . '/' expr  (83)
	expr : expr . '%' expr  (84)
	expr : expr . '<' expr  (85)
	expr : expr . '>' expr  (86)
	expr : expr . GE expr  (87)
	expr : expr . LE expr  (88)
	expr : expr . NE expr  (89)
	expr : expr . '=' expr  (90)
	expr : expr . '&' expr  (91)
	expr : expr . '|' expr  (92)

	'|'  shift 110
	'&'  shift 111
	'='  shift 112
	NE  shift 113
	GE  shift 114
	LE  shift 115
	'>'  shift 116
	'<'  shift 117
	'+'  shift 118
	'-'  shift 119
	'*'  shift 120
	'/'  shift 121
	'%'  shift 122
	'!'  shift 123
	']'  shift 154
	.  error


state 126
	expr : ID '(' ')' .  (95)

	.  reduce 95


state 127
	args : args . ',' expr  (63)
	expr : ID '(' args . ')'  (94)

	')'  shift 155
	','  shift 156
	.  error


state 128
	args : expr .  (62)
	expr : expr . '!'  (75)
	expr : expr . '+' expr  (80)
	expr : expr . '-' expr  (81)
	expr : expr . '*' expr  (82)
	expr : expr . '/' expr  (83)
	expr : expr . '%' expr  (84)
	expr : expr . '<' expr  (85)
	expr : expr . '>' expr  (86)
	expr : expr . GE expr  (87)
	expr : expr . LE expr  (88)
	expr : expr . NE expr  (89)
	expr : expr . '=' expr  (90)
	expr : expr . '&' expr  (91)
	expr : expr . '|' expr  (92)

	'|'  shift 110
	'&'  shift 111
	'='  shift 112
	NE  shift 113
	GE  shift 114
	LE  shift 115
	'>'  shift 116
	'<'  shift 117
	'+'  shift 118
	'-'  shift 119
	'*'  shift 120
	'/'  shift 121
	'%'  shift 122
	'!'  shift 123
	')'  reduce 62
	','  reduce 62


state 129
	stmt : base .  (37)

	.  reduce 37


state 130
	base : DO $$4 stmt . WHILE expr ';'  (41)

	WHILE  shift 157
	.  error


state 131
	stmt : brk .  (38)

	.  reduce 38


state 132
	base : IF expr THEN . stmt  (46)
	base : IF expr THEN . stmt ELSE stmt  (47)

	error  shift 63
	INT  shift 64
	REAL  shift 65
	ID  shift 66
	STR  shift 67
	DO  shift 68
	IF  shift 69
	FOR  shift 70
	BREAK  shift 101
	CONTINUE  shift 102
	INCR  shift 71
	DECR  shift 72
	'&'  shift 73
	'~'  shift 74
	'-'  shift 75
	'*'  shift 76
	'('  shift 77
	';'  shift 78
	'{'  shift 49
	.  error

	bloco  goto 79
	base  goto 129
	stmt  goto 158
	brk  goto 131
	lv  goto 83
	expr  goto 84


state 133
	base : FOR lv IN . expr UPTO expr step DO $$5 stmt  (43)
	base : FOR lv IN . expr DOWNTO expr step DO $$6 stmt  (45)

	INT  shift 64
	REAL  shift 65
	ID  shift 66
	STR  shift 67
	INCR  shift 71
	DECR  shift 72
	'&'  shift 73
	'~'  shift 74
	'-'  shift 75
	'*'  shift 76
	'('  shift 77
	.  error

	lv  goto 89
	expr  goto 159


state 134
	expr : '(' expr ')' .  (93)

	.  reduce 93


state 135
	intp : INT .  (59)

	.  reduce 59


state 136
	brk : BREAK intp . ';'  (54)

	';'  shift 160
	.  error


state 137
	brk : CONTINUE intp . ';'  (55)

	';'  shift 161
	.  error


state 138
	bloco : '{' $$3 decls list end '}' .  (33)

	.  reduce 33


state 139
	expr : lv ATR expr .  (68)
	expr : expr . '!'  (75)
	expr : expr . '+' expr  (80)
	expr : expr . '-' expr  (81)
	expr : expr . '*' expr  (82)
	expr : expr . '/' expr  (83)
	expr : expr . '%' expr  (84)
	expr : expr . '<' expr  (85)
	expr : expr . '>' expr  (86)
	expr : expr . GE expr  (87)
	expr : expr . LE expr  (88)
	expr : expr . NE expr  (89)
	expr : expr . '=' expr  (90)
	expr : expr . '&' expr  (91)
	expr : expr . '|' expr  (92)

	'|'  shift 110
	'&'  shift 111
	'='  shift 112
	NE  shift 113
	GE  shift 114
	LE  shift 115
	'>'  shift 116
	'<'  shift 117
	'+'  shift 118
	'-'  shift 119
	'*'  shift 120
	'/'  shift 121
	'%'  shift 122
	'!'  shift 123
	DO  reduce 68
	THEN  reduce 68
	UPTO  reduce 68
	DOWNTO  reduce 68
	STEP  reduce 68
	';'  reduce 68
	')'  reduce 68
	','  reduce 68
	']'  reduce 68


state 140
	base : lv '#' expr . ';'  (50)
	expr : expr . '!'  (75)
	expr : expr . '+' expr  (80)
	expr : expr . '-' expr  (81)
	expr : expr . '*' expr  (82)
	expr : expr . '/' expr  (83)
	expr : expr . '%' expr  (84)
	expr : expr . '<' expr  (85)
	expr : expr . '>' expr  (86)
	expr : expr . GE expr  (87)
	expr : expr . LE expr  (88)
	expr : expr . NE expr  (89)
	expr : expr . '=' expr  (90)
	expr : expr . '&' expr  (91)
	expr : expr . '|' expr  (92)

	'|'  shift 110
	'&'  shift 111
	'='  shift 112
	NE  shift 113
	GE  shift 114
	LE  shift 115
	'>'  shift 116
	'<'  shift 117
	'+'  shift 118
	'-'  shift 119
	'*'  shift 120
	'/'  shift 121
	'%'  shift 122
	'!'  shift 123
	';'  shift 162
	.  error


state 141
	expr : expr . '!'  (75)
	expr : expr . '+' expr  (80)
	expr : expr . '-' expr  (81)
	expr : expr . '*' expr  (82)
	expr : expr . '/' expr  (83)
	expr : expr . '%' expr  (84)
	expr : expr . '<' expr  (85)
	expr : expr . '>' expr  (86)
	expr : expr . GE expr  (87)
	expr : expr . LE expr  (88)
	expr : expr . NE expr  (89)
	expr : expr . '=' expr  (90)
	expr : expr . '&' expr  (91)
	expr : expr . '|' expr  (92)
	expr : expr '|' expr .  (92)

	'&'  shift 111
	'='  shift 112
	NE  shift 113
	GE  shift 114
	LE  shift 115
	'>'  shift 116
	'<'  shift 117
	'+'  shift 118
	'-'  shift 119
	'*'  shift 120
	'/'  shift 121
	'%'  shift 122
	'!'  shift 123
	DO  reduce 92
	THEN  reduce 92
	UPTO  reduce 92
	DOWNTO  reduce 92
	STEP  reduce 92
	'|'  reduce 92
	';'  reduce 92
	')'  reduce 92
	','  reduce 92
	']'  reduce 92


state 142
	expr : expr . '!'  (75)
	expr : expr . '+' expr  (80)
	expr : expr . '-' expr  (81)
	expr : expr . '*' expr  (82)
	expr : expr . '/' expr  (83)
	expr : expr . '%' expr  (84)
	expr : expr . '<' expr  (85)
	expr : expr . '>' expr  (86)
	expr : expr . GE expr  (87)
	expr : expr . LE expr  (88)
	expr : expr . NE expr  (89)
	expr : expr . '=' expr  (90)
	expr : expr . '&' expr  (91)
	expr : expr '&' expr .  (91)
	expr : expr . '|' expr  (92)

	'='  shift 112
	NE  shift 113
	GE  shift 114
	LE  shift 115
	'>'  shift 116
	'<'  shift 117
	'+'  shift 118
	'-'  shift 119
	'*'  shift 120
	'/'  shift 121
	'%'  shift 122
	'!'  shift 123
	DO  reduce 91
	THEN  reduce 91
	UPTO  reduce 91
	DOWNTO  reduce 91
	STEP  reduce 91
	'|'  reduce 91
	'&'  reduce 91
	';'  reduce 91
	')'  reduce 91
	','  reduce 91
	']'  reduce 91


state 143
	expr : expr . '!'  (75)
	expr : expr . '+' expr  (80)
	expr : expr . '-' expr  (81)
	expr : expr . '*' expr  (82)
	expr : expr . '/' expr  (83)
	expr : expr . '%' expr  (84)
	expr : expr . '<' expr  (85)
	expr : expr . '>' expr  (86)
	expr : expr . GE expr  (87)
	expr : expr . LE expr  (88)
	expr : expr . NE expr  (89)
	expr : expr . '=' expr  (90)
	expr : expr '=' expr .  (90)
	expr : expr . '&' expr  (91)
	expr : expr . '|' expr  (92)

	GE  shift 114
	LE  shift 115
	'>'  shift 116
	'<'  shift 117
	'+'  shift 118
	'-'  shift 119
	'*'  shift 120
	'/'  shift 121
	'%'  shift 122
	'!'  shift 123
	DO  reduce 90
	THEN  reduce 90
	UPTO  reduce 90
	DOWNTO  reduce 90
	STEP  reduce 90
	'|'  reduce 90
	'&'  reduce 90
	'='  reduce 90
	NE  reduce 90
	';'  reduce 90
	')'  reduce 90
	','  reduce 90
	']'  reduce 90


state 144
	expr : expr . '!'  (75)
	expr : expr . '+' expr  (80)
	expr : expr . '-' expr  (81)
	expr : expr . '*' expr  (82)
	expr : expr . '/' expr  (83)
	expr : expr . '%' expr  (84)
	expr : expr . '<' expr  (85)
	expr : expr . '>' expr  (86)
	expr : expr . GE expr  (87)
	expr : expr . LE expr  (88)
	expr : expr . NE expr  (89)
	expr : expr NE expr .  (89)
	expr : expr . '=' expr  (90)
	expr : expr . '&' expr  (91)
	expr : expr . '|' expr  (92)

	GE  shift 114
	LE  shift 115
	'>'  shift 116
	'<'  shift 117
	'+'  shift 118
	'-'  shift 119
	'*'  shift 120
	'/'  shift 121
	'%'  shift 122
	'!'  shift 123
	DO  reduce 89
	THEN  reduce 89
	UPTO  reduce 89
	DOWNTO  reduce 89
	STEP  reduce 89
	'|'  reduce 89
	'&'  reduce 89
	'='  reduce 89
	NE  reduce 89
	';'  reduce 89
	')'  reduce 89
	','  reduce 89
	']'  reduce 89


state 145
	expr : expr . '!'  (75)
	expr : expr . '+' expr  (80)
	expr : expr . '-' expr  (81)
	expr : expr . '*' expr  (82)
	expr : expr . '/' expr  (83)
	expr : expr . '%' expr  (84)
	expr : expr . '<' expr  (85)
	expr : expr . '>' expr  (86)
	expr : expr . GE expr  (87)
	expr : expr GE expr .  (87)
	expr : expr . LE expr  (88)
	expr : expr . NE expr  (89)
	expr : expr . '=' expr  (90)
	expr : expr . '&' expr  (91)
	expr : expr . '|' expr  (92)

	'+'  shift 118
	'-'  shift 119
	'*'  shift 120
	'/'  shift 121
	'%'  shift 122
	'!'  shift 123
	DO  reduce 87
	THEN  reduce 87
	UPTO  reduce 87
	DOWNTO  reduce 87
	STEP  reduce 87
	'|'  reduce 87
	'&'  reduce 87
	'='  reduce 87
	NE  reduce 87
	GE  reduce 87
	LE  reduce 87
	'>'  reduce 87
	'<'  reduce 87
	';'  reduce 87
	')'  reduce 87
	','  reduce 87
	']'  reduce 87


state 146
	expr : expr . '!'  (75)
	expr : expr . '+' expr  (80)
	expr : expr . '-' expr  (81)
	expr : expr . '*' expr  (82)
	expr : expr . '/' expr  (83)
	expr : expr . '%' expr  (84)
	expr : expr . '<' expr  (85)
	expr : expr . '>' expr  (86)
	expr : expr . GE expr  (87)
	expr : expr . LE expr  (88)
	expr : expr LE expr .  (88)
	expr : expr . NE expr  (89)
	expr : expr . '=' expr  (90)
	expr : expr . '&' expr  (91)
	expr : expr . '|' expr  (92)

	'+'  shift 118
	'-'  shift 119
	'*'  shift 120
	'/'  shift 121
	'%'  shift 122
	'!'  shift 123
	DO  reduce 88
	THEN  reduce 88
	UPTO  reduce 88
	DOWNTO  reduce 88
	STEP  reduce 88
	'|'  reduce 88
	'&'  reduce 88
	'='  reduce 88
	NE  reduce 88
	GE  reduce 88
	LE  reduce 88
	'>'  reduce 88
	'<'  reduce 88
	';'  reduce 88
	')'  reduce 88
	','  reduce 88
	']'  reduce 88


state 147
	expr : expr . '!'  (75)
	expr : expr . '+' expr  (80)
	expr : expr . '-' expr  (81)
	expr : expr . '*' expr  (82)
	expr : expr . '/' expr  (83)
	expr : expr . '%' expr  (84)
	expr : expr . '<' expr  (85)
	expr : expr . '>' expr  (86)
	expr : expr '>' expr .  (86)
	expr : expr . GE expr  (87)
	expr : expr . LE expr  (88)
	expr : expr . NE expr  (89)
	expr : expr . '=' expr  (90)
	expr : expr . '&' expr  (91)
	expr : expr . '|' expr  (92)

	'+'  shift 118
	'-'  shift 119
	'*'  shift 120
	'/'  shift 121
	'%'  shift 122
	'!'  shift 123
	DO  reduce 86
	THEN  reduce 86
	UPTO  reduce 86
	DOWNTO  reduce 86
	STEP  reduce 86
	'|'  reduce 86
	'&'  reduce 86
	'='  reduce 86
	NE  reduce 86
	GE  reduce 86
	LE  reduce 86
	'>'  reduce 86
	'<'  reduce 86
	';'  reduce 86
	')'  reduce 86
	','  reduce 86
	']'  reduce 86


state 148
	expr : expr . '!'  (75)
	expr : expr . '+' expr  (80)
	expr : expr . '-' expr  (81)
	expr : expr . '*' expr  (82)
	expr : expr . '/' expr  (83)
	expr : expr . '%' expr  (84)
	expr : expr . '<' expr  (85)
	expr : expr '<' expr .  (85)
	expr : expr . '>' expr  (86)
	expr : expr . GE expr  (87)
	expr : expr . LE expr  (88)
	expr : expr . NE expr  (89)
	expr : expr . '=' expr  (90)
	expr : expr . '&' expr  (91)
	expr : expr . '|' expr  (92)

	'+'  shift 118
	'-'  shift 119
	'*'  shift 120
	'/'  shift 121
	'%'  shift 122
	'!'  shift 123
	DO  reduce 85
	THEN  reduce 85
	UPTO  reduce 85
	DOWNTO  reduce 85
	STEP  reduce 85
	'|'  reduce 85
	'&'  reduce 85
	'='  reduce 85
	NE  reduce 85
	GE  reduce 85
	LE  reduce 85
	'>'  reduce 85
	'<'  reduce 85
	';'  reduce 85
	')'  reduce 85
	','  reduce 85
	']'  reduce 85


state 149
	expr : expr . '!'  (75)
	expr : expr . '+' expr  (80)
	expr : expr '+' expr .  (80)
	expr : expr . '-' expr  (81)
	expr : expr . '*' expr  (82)
	expr : expr . '/' expr  (83)
	expr : expr . '%' expr  (84)
	expr : expr . '<' expr  (85)
	expr : expr . '>' expr  (86)
	expr : expr . GE expr  (87)
	expr : expr . LE expr  (88)
	expr : expr . NE expr  (89)
	expr : expr . '=' expr  (90)
	expr : expr . '&' expr  (91)
	expr : expr . '|' expr  (92)

	'*'  shift 120
	'/'  shift 121
	'%'  shift 122
	'!'  shift 123
	DO  reduce 80
	THEN  reduce 80
	UPTO  reduce 80
	DOWNTO  reduce 80
	STEP  reduce 80
	'|'  reduce 80
	'&'  reduce 80
	'='  reduce 80
	NE  reduce 80
	GE  reduce 80
	LE  reduce 80
	'>'  reduce 80
	'<'  reduce 80
	'+'  reduce 80
	'-'  reduce 80
	';'  reduce 80
	')'  reduce 80
	','  reduce 80
	']'  reduce 80


state 150
	expr : expr . '!'  (75)
	expr : expr . '+' expr  (80)
	expr : expr . '-' expr  (81)
	expr : expr '-' expr .  (81)
	expr : expr . '*' expr  (82)
	expr : expr . '/' expr  (83)
	expr : expr . '%' expr  (84)
	expr : expr . '<' expr  (85)
	expr : expr . '>' expr  (86)
	expr : expr . GE expr  (87)
	expr : expr . LE expr  (88)
	expr : expr . NE expr  (89)
	expr : expr . '=' expr  (90)
	expr : expr . '&' expr  (91)
	expr : expr . '|' expr  (92)

	'*'  shift 120
	'/'  shift 121
	'%'  shift 122
	'!'  shift 123
	DO  reduce 81
	THEN  reduce 81
	UPTO  reduce 81
	DOWNTO  reduce 81
	STEP  reduce 81
	'|'  reduce 81
	'&'  reduce 81
	'='  reduce 81
	NE  reduce 81
	GE  reduce 81
	LE  reduce 81
	'>'  reduce 81
	'<'  reduce 81
	'+'  reduce 81
	'-'  reduce 81
	';'  reduce 81
	')'  reduce 81
	','  reduce 81
	']'  reduce 81


state 151
	expr : expr . '!'  (75)
	expr : expr . '+' expr  (80)
	expr : expr . '-' expr  (81)
	expr : expr . '*' expr  (82)
	expr : expr '*' expr .  (82)
	expr : expr . '/' expr  (83)
	expr : expr . '%' expr  (84)
	expr : expr . '<' expr  (85)
	expr : expr . '>' expr  (86)
	expr : expr . GE expr  (87)
	expr : expr . LE expr  (88)
	expr : expr . NE expr  (89)
	expr : expr . '=' expr  (90)
	expr : expr . '&' expr  (91)
	expr : expr . '|' expr  (92)

	'!'  shift 123
	DO  reduce 82
	THEN  reduce 82
	UPTO  reduce 82
	DOWNTO  reduce 82
	STEP  reduce 82
	'|'  reduce 82
	'&'  reduce 82
	'='  reduce 82
	NE  reduce 82
	GE  reduce 82
	LE  reduce 82
	'>'  reduce 82
	'<'  reduce 82
	'+'  reduce 82
	'-'  reduce 82
	'*'  reduce 82
	'/'  reduce 82
	'%'  reduce 82
	';'  reduce 82
	')'  reduce 82
	','  reduce 82
	']'  reduce 82


state 152
	expr : expr . '!'  (75)
	expr : expr . '+' expr  (80)
	expr : expr . '-' expr  (81)
	expr : expr . '*' expr  (82)
	expr : expr . '/' expr  (83)
	expr : expr '/' expr .  (83)
	expr : expr . '%' expr  (84)
	expr : expr . '<' expr  (85)
	expr : expr . '>' expr  (86)
	expr : expr . GE expr  (87)
	expr : expr . LE expr  (88)
	expr : expr . NE expr  (89)
	expr : expr . '=' expr  (90)
	expr : expr . '&' expr  (91)
	expr : expr . '|' expr  (92)

	'!'  shift 123
	DO  reduce 83
	THEN  reduce 83
	UPTO  reduce 83
	DOWNTO  reduce 83
	STEP  reduce 83
	'|'  reduce 83
	'&'  reduce 83
	'='  reduce 83
	NE  reduce 83
	GE  reduce 83
	LE  reduce 83
	'>'  reduce 83
	'<'  reduce 83
	'+'  reduce 83
	'-'  reduce 83
	'*'  reduce 83
	'/'  reduce 83
	'%'  reduce 83
	';'  reduce 83
	')'  reduce 83
	','  reduce 83
	']'  reduce 83


state 153
	expr : expr . '!'  (75)
	expr : expr . '+' expr  (80)
	expr : expr . '-' expr  (81)
	expr : expr . '*' expr  (82)
	expr : expr . '/' expr  (83)
	expr : expr . '%' expr  (84)
	expr : expr '%' expr .  (84)
	expr : expr . '<' expr  (85)
	expr : expr . '>' expr  (86)
	expr : expr . GE expr  (87)
	expr : expr . LE expr  (88)
	expr : expr . NE expr  (89)
	expr : expr . '=' expr  (90)
	expr : expr . '&' expr  (91)
	expr : expr . '|' expr  (92)

	'!'  shift 123
	DO  reduce 84
	THEN  reduce 84
	UPTO  reduce 84
	DOWNTO  reduce 84
	STEP  reduce 84
	'|'  reduce 84
	'&'  reduce 84
	'='  reduce 84
	NE  reduce 84
	GE  reduce 84
	LE  reduce 84
	'>'  reduce 84
	'<'  reduce 84
	'+'  reduce 84
	'-'  reduce 84
	'*'  reduce 84
	'/'  reduce 84
	'%'  reduce 84
	';'  reduce 84
	')'  reduce 84
	','  reduce 84
	']'  reduce 84


state 154
	lv : ID '[' expr ']' .  (65)

	.  reduce 65


state 155
	expr : ID '(' args ')' .  (94)

	.  reduce 94


state 156
	args : args ',' . expr  (63)

	INT  shift 64
	REAL  shift 65
	ID  shift 66
	STR  shift 67
	INCR  shift 71
	DECR  shift 72
	'&'  shift 73
	'~'  shift 74
	'-'  shift 75
	'*'  shift 76
	'('  shift 77
	.  error

	lv  goto 89
	expr  goto 163


state 157
	base : DO $$4 stmt WHILE . expr ';'  (41)

	INT  shift 64
	REAL  shift 65
	ID  shift 66
	STR  shift 67
	INCR  shift 71
	DECR  shift 72
	'&'  shift 73
	'~'  shift 74
	'-'  shift 75
	'*'  shift 76
	'('  shift 77
	.  error

	lv  goto 89
	expr  goto 164


state 158
	base : IF expr THEN stmt .  (46)
	base : IF expr THEN stmt . ELSE stmt  (47)

	ELSE  shift 165
	error  reduce 46
	INT  reduce 46
	REAL  reduce 46
	ID  reduce 46
	STR  reduce 46
	DO  reduce 46
	WHILE  reduce 46
	IF  reduce 46
	FOR  reduce 46
	BREAK  reduce 46
	CONTINUE  reduce 46
	INCR  reduce 46
	DECR  reduce 46
	'&'  reduce 46
	'~'  reduce 46
	'-'  reduce 46
	'*'  reduce 46
	'('  reduce 46
	';'  reduce 46
	'{'  reduce 46
	'}'  reduce 46


state 159
	base : FOR lv IN expr . UPTO expr step DO $$5 stmt  (43)
	base : FOR lv IN expr . DOWNTO expr step DO $$6 stmt  (45)
	expr : expr . '!'  (75)
	expr : expr . '+' expr  (80)
	expr : expr . '-' expr  (81)
	expr : expr . '*' expr  (82)
	expr : expr . '/' expr  (83)
	expr : expr . '%' expr  (84)
	expr : expr . '<' expr  (85)
	expr : expr . '>' expr  (86)
	expr : expr . GE expr  (87)
	expr : expr . LE expr  (88)
	expr : expr . NE expr  (89)
	expr : expr . '=' expr  (90)
	expr : expr . '&' expr  (91)
	expr : expr . '|' expr  (92)

	UPTO  shift 166
	DOWNTO  shift 167
	'|'  shift 110
	'&'  shift 111
	'='  shift 112
	NE  shift 113
	GE  shift 114
	LE  shift 115
	'>'  shift 116
	'<'  shift 117
	'+'  shift 118
	'-'  shift 119
	'*'  shift 120
	'/'  shift 121
	'%'  shift 122
	'!'  shift 123
	.  error


state 160
	brk : BREAK intp ';' .  (54)

	.  reduce 54


state 161
	brk : CONTINUE intp ';' .  (55)

	.  reduce 55


state 162
	base : lv '#' expr ';' .  (50)

	.  reduce 50


state 163
	args : args ',' expr .  (63)
	expr : expr . '!'  (75)
	expr : expr . '+' expr  (80)
	expr : expr . '-' expr  (81)
	expr : expr . '*' expr  (82)
	expr : expr . '/' expr  (83)
	expr : expr . '%' expr  (84)
	expr : expr . '<' expr  (85)
	expr : expr . '>' expr  (86)
	expr : expr . GE expr  (87)
	expr : expr . LE expr  (88)
	expr : expr . NE expr  (89)
	expr : expr . '=' expr  (90)
	expr : expr . '&' expr  (91)
	expr : expr . '|' expr  (92)

	'|'  shift 110
	'&'  shift 111
	'='  shift 112
	NE  shift 113
	GE  shift 114
	LE  shift 115
	'>'  shift 116
	'<'  shift 117
	'+'  shift 118
	'-'  shift 119
	'*'  shift 120
	'/'  shift 121
	'%'  shift 122
	'!'  shift 123
	')'  reduce 63
	','  reduce 63


state 164
	base : DO $$4 stmt WHILE expr . ';'  (41)
	expr : expr . '!'  (75)
	expr : expr . '+' expr  (80)
	expr : expr . '-' expr  (81)
	expr : expr . '*' expr  (82)
	expr : expr . '/' expr  (83)
	expr : expr . '%' expr  (84)
	expr : expr . '<' expr  (85)
	expr : expr . '>' expr  (86)
	expr : expr . GE expr  (87)
	expr : expr . LE expr  (88)
	expr : expr . NE expr  (89)
	expr : expr . '=' expr  (90)
	expr : expr . '&' expr  (91)
	expr : expr . '|' expr  (92)

	'|'  shift 110
	'&'  shift 111
	'='  shift 112
	NE  shift 113
	GE  shift 114
	LE  shift 115
	'>'  shift 116
	'<'  shift 117
	'+'  shift 118
	'-'  shift 119
	'*'  shift 120
	'/'  shift 121
	'%'  shift 122
	'!'  shift 123
	';'  shift 168
	.  error


state 165
	base : IF expr THEN stmt ELSE . stmt  (47)

	error  shift 63
	INT  shift 64
	REAL  shift 65
	ID  shift 66
	STR  shift 67
	DO  shift 68
	IF  shift 69
	FOR  shift 70
	BREAK  shift 101
	CONTINUE  shift 102
	INCR  shift 71
	DECR  shift 72
	'&'  shift 73
	'~'  shift 74
	'-'  shift 75
	'*'  shift 76
	'('  shift 77
	';'  shift 78
	'{'  shift 49
	.  error

	bloco  goto 79
	base  goto 129
	stmt  goto 169
	brk  goto 131
	lv  goto 83
	expr  goto 84


state 166
	base : FOR lv IN expr UPTO . expr step DO $$5 stmt  (43)

	INT  shift 64
	REAL  shift 65
	ID  shift 66
	STR  shift 67
	INCR  shift 71
	DECR  shift 72
	'&'  shift 73
	'~'  shift 74
	'-'  shift 75
	'*'  shift 76
	'('  shift 77
	.  error

	lv  goto 89
	expr  goto 170


state 167
	base : FOR lv IN expr DOWNTO . expr step DO $$6 stmt  (45)

	INT  shift 64
	REAL  shift 65
	ID  shift 66
	STR  shift 67
	INCR  shift 71
	DECR  shift 72
	'&'  shift 73
	'~'  shift 74
	'-'  shift 75
	'*'  shift 76
	'('  shift 77
	.  error

	lv  goto 89
	expr  goto 171


state 168
	base : DO $$4 stmt WHILE expr ';' .  (41)

	.  reduce 41


state 169
	base : IF expr THEN stmt ELSE stmt .  (47)

	.  reduce 47


state 170
	base : FOR lv IN expr UPTO expr . step DO $$5 stmt  (43)
	expr : expr . '!'  (75)
	expr : expr . '+' expr  (80)
	expr : expr . '-' expr  (81)
	expr : expr . '*' expr  (82)
	expr : expr . '/' expr  (83)
	expr : expr . '%' expr  (84)
	expr : expr . '<' expr  (85)
	expr : expr . '>' expr  (86)
	expr : expr . GE expr  (87)
	expr : expr . LE expr  (88)
	expr : expr . NE expr  (89)
	expr : expr . '=' expr  (90)
	expr : expr . '&' expr  (91)
	expr : expr . '|' expr  (92)
	step : .  (56)

	STEP  shift 172
	'|'  shift 110
	'&'  shift 111
	'='  shift 112
	NE  shift 113
	GE  shift 114
	LE  shift 115
	'>'  shift 116
	'<'  shift 117
	'+'  shift 118
	'-'  shift 119
	'*'  shift 120
	'/'  shift 121
	'%'  shift 122
	'!'  shift 123
	DO  reduce 56

	step  goto 173


state 171
	base : FOR lv IN expr DOWNTO expr . step DO $$6 stmt  (45)
	expr : expr . '!'  (75)
	expr : expr . '+' expr  (80)
	expr : expr . '-' expr  (81)
	expr : expr . '*' expr  (82)
	expr : expr . '/' expr  (83)
	expr : expr . '%' expr  (84)
	expr : expr . '<' expr  (85)
	expr : expr . '>' expr  (86)
	expr : expr . GE expr  (87)
	expr : expr . LE expr  (88)
	expr : expr . NE expr  (89)
	expr : expr . '=' expr  (90)
	expr : expr . '&' expr  (91)
	expr : expr . '|' expr  (92)
	step : .  (56)

	STEP  shift 172
	'|'  shift 110
	'&'  shift 111
	'='  shift 112
	NE  shift 113
	GE  shift 114
	LE  shift 115
	'>'  shift 116
	'<'  shift 117
	'+'  shift 118
	'-'  shift 119
	'*'  shift 120
	'/'  shift 121
	'%'  shift 122
	'!'  shift 123
	DO  reduce 56

	step  goto 174


state 172
	step : STEP . expr  (57)

	INT  shift 64
	REAL  shift 65
	ID  shift 66
	STR  shift 67
	INCR  shift 71
	DECR  shift 72
	'&'  shift 73
	'~'  shift 74
	'-'  shift 75
	'*'  shift 76
	'('  shift 77
	.  error

	lv  goto 89
	expr  goto 175


state 173
	base : FOR lv IN expr UPTO expr step . DO $$5 stmt  (43)

	DO  shift 176
	.  error


state 174
	base : FOR lv IN expr DOWNTO expr step . DO $$6 stmt  (45)

	DO  shift 177
	.  error


state 175
	step : STEP expr .  (57)
	expr : expr . '!'  (75)
	expr : expr . '+' expr  (80)
	expr : expr . '-' expr  (81)
	expr : expr . '*' expr  (82)
	expr : expr . '/' expr  (83)
	expr : expr . '%' expr  (84)
	expr : expr . '<' expr  (85)
	expr : expr . '>' expr  (86)
	expr : expr . GE expr  (87)
	expr : expr . LE expr  (88)
	expr : expr . NE expr  (89)
	expr : expr . '=' expr  (90)
	expr : expr . '&' expr  (91)
	expr : expr . '|' expr  (92)

	'|'  shift 110
	'&'  shift 111
	'='  shift 112
	NE  shift 113
	GE  shift 114
	LE  shift 115
	'>'  shift 116
	'<'  shift 117
	'+'  shift 118
	'-'  shift 119
	'*'  shift 120
	'/'  shift 121
	'%'  shift 122
	'!'  shift 123
	DO  reduce 57


state 176
	base : FOR lv IN expr UPTO expr step DO . $$5 stmt  (43)
	$$5 : .  (42)

	.  reduce 42

	$$5  goto 178


state 177
	base : FOR lv IN expr DOWNTO expr step DO . $$6 stmt  (45)
	$$6 : .  (44)

	.  reduce 44

	$$6  goto 179


state 178
	base : FOR lv IN expr UPTO expr step DO $$5 . stmt  (43)

	error  shift 63
	INT  shift 64
	REAL  shift 65
	ID  shift 66
	STR  shift 67
	DO  shift 68
	IF  shift 69
	FOR  shift 70
	BREAK  shift 101
	CONTINUE  shift 102
	INCR  shift 71
	DECR  shift 72
	'&'  shift 73
	'~'  shift 74
	'-'  shift 75
	'*'  shift 76
	'('  shift 77
	';'  shift 78
	'{'  shift 49
	.  error

	bloco  goto 79
	base  goto 129
	stmt  goto 180
	brk  goto 131
	lv  goto 83
	expr  goto 84


state 179
	base : FOR lv IN expr DOWNTO expr step DO $$6 . stmt  (45)

	error  shift 63
	INT  shift 64
	REAL  shift 65
	ID  shift 66
	STR  shift 67
	DO  shift 68
	IF  shift 69
	FOR  shift 70
	BREAK  shift 101
	CONTINUE  shift 102
	INCR  shift 71
	DECR  shift 72
	'&'  shift 73
	'~'  shift 74
	'-'  shift 75
	'*'  shift 76
	'('  shift 77
	';'  shift 78
	'{'  shift 49
	.  error

	bloco  goto 79
	base  goto 129
	stmt  goto 181
	brk  goto 131
	lv  goto 83
	expr  goto 84


state 180
	base : FOR lv IN expr UPTO expr step DO $$5 stmt .  (43)

	.  reduce 43


state 181
	base : FOR lv IN expr DOWNTO expr step DO $$6 stmt .  (45)

	.  reduce 45


63 terminals, 29 nonterminals
96 grammar rules, 182 states
